[14:06:06] [main/WARN] (FabricLoader/Knot) Class path entries reference missing files: /home/luna/IdeaProjects/Lake Crash Fix/build/classes/java/client, /home/luna/IdeaProjects/Lake Crash Fix/build/resources/client - the game may not load properly!
[14:06:06] [main/INFO] (FabricLoader/GameProvider) Loading Minecraft 1.21 with Fabric Loader 0.16.0
[14:06:06] [main/INFO] (FabricLoader) Loading 5 mods:
	- fabricloader 0.16.0
	- java 21
	- lake_crash_fix 1.0
	- minecraft 1.21
	- mixinextras 0.4.0
[14:06:06] [main/INFO] (FabricLoader/Mixin) SpongePowered MIXIN Subsystem Version=0.8.7 Source=file:/home/luna/.gradle/caches/modules-2/files-2.1/net.fabricmc/sponge-mixin/0.15.0+mixin.0.8.7/2ce1c5d57a061f3e259ec30b8b0cb2dc889c5156/sponge-mixin-0.15.0+mixin.0.8.7.jar Service=Knot/Fabric Env=CLIENT
[14:06:06] [main/INFO] (FabricLoader/Mixin) Loaded Fabric development mappings for mixin remapper!
[14:06:06] [main/INFO] (FabricLoader/Mixin) Compatibility level set to JAVA_21
[14:06:07] [Datafixer Bootstrap/INFO] (Minecraft) 226 Datafixer optimizations took 95 milliseconds
[14:06:08] [main/INFO] (FabricLoader/MixinExtras|Service) Initializing MixinExtras via com.llamalad7.mixinextras.service.MixinExtrasServiceImpl(version=0.4.0).
[14:06:08] [Render thread/INFO] (Minecraft) Environment: Environment[sessionHost=https://sessionserver.mojang.com, servicesHost=https://api.minecraftservices.com, name=PROD]
[14:06:09] [Render thread/INFO] (Minecraft) Setting user: Player763
[14:06:09] [Render thread/INFO] (Minecraft) Backend library: LWJGL version 3.3.3-snapshot
[14:06:09] [Render thread/INFO] (Minecraft) Reloading ResourceManager: vanilla
[14:06:09] [Worker-Main-13/INFO] (Minecraft) Found unifont_all_no_pua-15.1.05.hex, loading
[14:06:09] [Worker-Main-12/INFO] (Minecraft) Found unifont_jp_patch-15.1.05.hex, loading
[14:06:10] [Render thread/WARN] (Minecraft) Missing sound for event: minecraft:item.goat_horn.play
[14:06:10] [Render thread/WARN] (Minecraft) Missing sound for event: minecraft:entity.goat.screaming.horn_break
[14:06:10] [Render thread/INFO] (Minecraft) OpenAL initialized on device Built-in Audio Analog Stereo
[14:06:10] [Render thread/INFO] (Minecraft) Sound engine started
[14:06:10] [Render thread/INFO] (Minecraft) Created: 1024x512x4 minecraft:textures/atlas/blocks.png-atlas
[14:06:10] [Render thread/INFO] (Minecraft) Created: 256x256x4 minecraft:textures/atlas/signs.png-atlas
[14:06:10] [Render thread/INFO] (Minecraft) Created: 512x512x4 minecraft:textures/atlas/banner_patterns.png-atlas
[14:06:10] [Render thread/INFO] (Minecraft) Created: 512x512x4 minecraft:textures/atlas/shield_patterns.png-atlas
[14:06:10] [Render thread/INFO] (Minecraft) Created: 1024x1024x4 minecraft:textures/atlas/armor_trims.png-atlas
[14:06:10] [Render thread/INFO] (Minecraft) Created: 256x256x4 minecraft:textures/atlas/chest.png-atlas
[14:06:10] [Render thread/INFO] (Minecraft) Created: 128x64x4 minecraft:textures/atlas/decorated_pot.png-atlas
[14:06:10] [Render thread/INFO] (Minecraft) Created: 512x256x4 minecraft:textures/atlas/beds.png-atlas
[14:06:10] [Render thread/INFO] (Minecraft) Created: 512x256x4 minecraft:textures/atlas/shulker_boxes.png-atlas
[14:06:10] [Render thread/INFO] (Minecraft) Created: 512x256x0 minecraft:textures/atlas/particles.png-atlas
[14:06:10] [Render thread/INFO] (Minecraft) Created: 512x256x0 minecraft:textures/atlas/paintings.png-atlas
[14:06:10] [Render thread/INFO] (Minecraft) Created: 256x128x0 minecraft:textures/atlas/mob_effects.png-atlas
[14:06:10] [Render thread/INFO] (Minecraft) Created: 64x64x0 minecraft:textures/atlas/map_decorations.png-atlas
[14:06:10] [Render thread/INFO] (Minecraft) Created: 1024x512x0 minecraft:textures/atlas/gui.png-atlas
[14:06:10] [Render thread/WARN] (Minecraft) Shader rendertype_entity_translucent_emissive could not find sampler named Sampler2 in the specified shader program.
